<?xml version="1.0" encoding="UTF-8"?>
<!-- Generated by org.testng.reporters.JUnitReportReporter -->
<testsuite hostname="AyushSharma-PC" failures="0" tests="1" name="endToendScenarios.CreateProjectAndVerifyInDB2" time="2.719" errors="0" timestamp="30 Sep 2022 03:24:03 GMT" skipped="0">
  <testcase classname="endToendScenarios.CreateProjectAndVerifyInDB2" name="createProject" time="2.719"/>
</testsuite> <!-- endToendScenarios.CreateProjectAndVerifyInDB2 -->
