<?xml version="1.0" encoding="UTF-8"?>
<!-- Generated by org.testng.reporters.JUnitReportReporter -->
<testsuite hostname="AyushSharma-PC" failures="0" tests="1" name="endToendScenarios.CreateProjectAndVerifyInDB" time="12.903" errors="0" timestamp="30 Sep 2022 03:10:32 GMT" skipped="0">
  <testcase classname="endToendScenarios.CreateProjectAndVerifyInDB" name="createProject" time="12.903"/>
</testsuite> <!-- endToendScenarios.CreateProjectAndVerifyInDB -->
